###############################################################################
#                                                                             #
# IAR ANSI C/C++ Compiler V6.30.6.53336/W32 for ARM     25/Jun/2014  14:55:06 #
# Copyright 1999-2012 IAR Systems AB.                                         #
#                                                                             #
#    Cpu mode     =  thumb                                                    #
#    Endian       =  little                                                   #
#    Source file  =  D:\zWk.Src\Mango-M32-MPU-9150\m32_Sensor_mpu9150_9Axis\L #
#                    ibraries\STM32_USB-FS-Device_Driver\src\usb_sil.c        #
#    Command line =  D:\zWk.Src\Mango-M32-MPU-9150\m32_Sensor_mpu9150_9Axis\L #
#                    ibraries\STM32_USB-FS-Device_Driver\src\usb_sil.c -D     #
#                    USE_STDPERIPH_DRIVER -lcN D:\zWk.Src\Mango-M32-MPU-9150\ #
#                    m32_Sensor_mpu9150_9Axis\project\Debug\List\ -lb         #
#                    D:\zWk.Src\Mango-M32-MPU-9150\m32_Sensor_mpu9150_9Axis\p #
#                    roject\Debug\List\ --diag_suppress Pe549,Pa082 -o        #
#                    D:\zWk.Src\Mango-M32-MPU-9150\m32_Sensor_mpu9150_9Axis\p #
#                    roject\Debug\Obj\ --no_cse --no_unroll --no_inline       #
#                    --no_code_motion --no_tbaa --no_clustering               #
#                    --no_scheduling --debug --endian=little --cpu=Cortex-M3  #
#                    -e --fpu=None --dlib_config "C:\Program Files (x86)\IAR  #
#                    Systems\Embedded Workbench 6.0_0\arm\INC\c\DLib_Config_F #
#                    ull.h" -I D:\zWk.Src\Mango-M32-MPU-9150\m32_Sensor_mpu91 #
#                    50_9Axis\project\..\inc\ -I                              #
#                    D:\zWk.Src\Mango-M32-MPU-9150\m32_Sensor_mpu9150_9Axis\p #
#                    roject\..\Sensor9Axis\ -I D:\zWk.Src\Mango-M32-MPU-9150\ #
#                    m32_Sensor_mpu9150_9Axis\project\..\PCA9555_GPIO_Ext\    #
#                    -I D:\zWk.Src\Mango-M32-MPU-9150\m32_Sensor_mpu9150_9Axi #
#                    s\project\..\OLED\ -I D:\zWk.Src\Mango-M32-MPU-9150\m32_ #
#                    Sensor_mpu9150_9Axis\project\..\SRAM\ -I                 #
#                    D:\zWk.Src\Mango-M32-MPU-9150\m32_Sensor_mpu9150_9Axis\p #
#                    roject\..\Libraries\STM32_USB-FS-Device_Driver\inc\ -I   #
#                    D:\zWk.Src\Mango-M32-MPU-9150\m32_Sensor_mpu9150_9Axis\p #
#                    roject\..\Libraries\STM32F10x_StdPeriph_Driver\inc\ -I   #
#                    D:\zWk.Src\Mango-M32-MPU-9150\m32_Sensor_mpu9150_9Axis\p #
#                    roject\..\Libraries\CMSIS\Device\ST\STM32F10x\Include\   #
#                    -On -I "C:\Program Files (x86)\IAR Systems\Embedded      #
#                    Workbench 6.0_0\arm\CMSIS\Include\"                      #
#    List file    =  D:\zWk.Src\Mango-M32-MPU-9150\m32_Sensor_mpu9150_9Axis\p #
#                    roject\Debug\List\usb_sil.lst                            #
#    Object file  =  D:\zWk.Src\Mango-M32-MPU-9150\m32_Sensor_mpu9150_9Axis\p #
#                    roject\Debug\Obj\usb_sil.o                               #
#                                                                             #
#                                                                             #
###############################################################################

D:\zWk.Src\Mango-M32-MPU-9150\m32_Sensor_mpu9150_9Axis\Libraries\STM32_USB-FS-Device_Driver\src\usb_sil.c
      1          /**
      2            ******************************************************************************
      3            * @file    usb_sil.c
      4            * @author  MCD Application Team
      5            * @version V3.4.0
      6            * @date    29-June-2012
      7            * @brief   Simplified Interface Layer for Global Initialization and Endpoint
      8            *          Rea/Write operations.
      9            ******************************************************************************
     10            * @attention
     11            *
     12            * <h2><center>&copy; COPYRIGHT 2012 STMicroelectronics</center></h2>
     13            *
     14            * Licensed under MCD-ST Liberty SW License Agreement V2, (the "License");
     15            * You may not use this file except in compliance with the License.
     16            * You may obtain a copy of the License at:
     17            *
     18            *        http://www.st.com/software_license_agreement_liberty_v2
     19            *
     20            * Unless required by applicable law or agreed to in writing, software 
     21            * distributed under the License is distributed on an "AS IS" BASIS, 
     22            * WITHOUT WARRANTIES OR CONDITIONS OF ANY KIND, either express or implied.
     23            * See the License for the specific language governing permissions and
     24            * limitations under the License.
     25            *
     26            ******************************************************************************
     27            */
     28          
     29          
     30          /* Includes ------------------------------------------------------------------*/
     31          #include "usb_lib.h"
     32          
     33          /* Private typedef -----------------------------------------------------------*/
     34          /* Private define ------------------------------------------------------------*/
     35          /* Private macro -------------------------------------------------------------*/
     36          /* Private variables ---------------------------------------------------------*/
     37          /* Extern variables ----------------------------------------------------------*/
     38          /* Private function prototypes -----------------------------------------------*/
     39          /* Private functions ---------------------------------------------------------*/
     40          
     41          /*******************************************************************************
     42          * Function Name  : USB_SIL_Init
     43          * Description    : Initialize the USB Device IP and the Endpoint 0.
     44          * Input          : None.
     45          * Output         : None.
     46          * Return         : Status.
     47          *******************************************************************************/
     48          uint32_t USB_SIL_Init(void)
     49          {
     50          #ifndef STM32F10X_CL
     51            
     52            /* USB interrupts initialization */
     53            /* clear pending interrupts */
     54            _SetISTR(0);
     55            wInterrupt_Mask = IMR_MSK;
     56            /* set interrupts mask */
     57            _SetCNTR(wInterrupt_Mask);
     58            
     59          #else
     60            
     61            /* Perform OTG Device initialization procedure (including EP0 init) */
     62            OTG_DEV_Init();
     63            
     64          #endif /* STM32F10X_CL */
     65          
     66            return 0;
     67          }
     68          
     69          /*******************************************************************************
     70          * Function Name  : USB_SIL_Write
     71          * Description    : Write a buffer of data to a selected endpoint.
     72          * Input          : - bEpAddr: The address of the non control endpoint.
     73          *                  - pBufferPointer: The pointer to the buffer of data to be written
     74          *                    to the endpoint.
     75          *                  - wBufferSize: Number of data to be written (in bytes).
     76          * Output         : None.
     77          * Return         : Status.
     78          *******************************************************************************/
     79          uint32_t USB_SIL_Write(uint8_t bEpAddr, uint8_t* pBufferPointer, uint32_t wBufferSize)
     80          {
     81          #ifndef STM32F10X_CL
     82          
     83            /* Use the memory interface function to write to the selected endpoint */
     84            UserToPMABufferCopy(pBufferPointer, GetEPTxAddr(bEpAddr & 0x7F), wBufferSize);
     85          
     86            /* Update the data length in the control register */
     87            SetEPTxCount((bEpAddr & 0x7F), wBufferSize);
     88            
     89          #else
     90            
     91             /* Use the PCD interface layer function to write to the selected endpoint */
     92             PCD_EP_Write (bEpAddr, pBufferPointer, wBufferSize); 
     93             
     94          #endif /* STM32F10X_CL */
     95          
     96            return 0;
     97          }
     98          
     99          /*******************************************************************************
    100          * Function Name  : USB_SIL_Read
    101          * Description    : Write a buffer of data to a selected endpoint.
    102          * Input          : - bEpAddr: The address of the non control endpoint.
    103          *                  - pBufferPointer: The pointer to which will be saved the 
    104          *                     received data buffer.
    105          * Output         : None.
    106          * Return         : Number of received data (in Bytes).
    107          *******************************************************************************/
    108          uint32_t USB_SIL_Read(uint8_t bEpAddr, uint8_t* pBufferPointer)
    109          {
    110            uint32_t DataLength = 0;
    111          
    112          #ifndef STM32F10X_CL
    113          
    114            /* Get the number of received data on the selected Endpoint */
    115            DataLength = GetEPRxCount(bEpAddr & 0x7F);
    116            
    117            /* Use the memory interface function to write to the selected endpoint */
    118            PMAToUserBufferCopy(pBufferPointer, GetEPRxAddr(bEpAddr & 0x7F), DataLength);
    119          
    120          #else
    121            
    122            USB_OTG_EP *ep;
    123          
    124            /* Get the structure pointer of the selected Endpoint */
    125            ep = PCD_GetOutEP(bEpAddr);
    126            
    127            /* Get the number of received data */
    128            DataLength = ep->xfer_len;
    129            
    130            /* Use the PCD interface layer function to read the selected endpoint */
    131            PCD_EP_Read (bEpAddr, pBufferPointer, DataLength);
    132            
    133          #endif /* STM32F10X_CL */
    134          
    135            /* Return the number of received data */
    136            return DataLength;
    137          }
    138          
    139          /************************ (C) COPYRIGHT STMicroelectronics *****END OF FILE****/

   Maximum stack usage in bytes:

   .cstack Function
   ------- --------
        0  USB_SIL_Init
       16  USB_SIL_Read
             16 -> GetEPRxAddr
             16 -> GetEPRxCount
             16 -> PMAToUserBufferCopy
       16  USB_SIL_Write
             16 -> GetEPTxAddr
             16 -> SetEPTxCount
             16 -> UserToPMABufferCopy


   Section sizes:

   Bytes  Function/Label
   -----  --------------
       4  ??DataTable0
       4  ??DataTable0_1
       4  ??DataTable0_2
      26  USB_SIL_Init
      44  USB_SIL_Read
      46  USB_SIL_Write

 
 128 bytes in section .text
 
 128 bytes of CODE memory

Errors: none
Warnings: none
